Performing C SOURCE FILE Test CMAKE_HAVE_LIBC_PTHREAD failed with the following output:
Change Dir: /home/denis/ORB2_SLAM_CUDA/OpenVXFastExtractor/cmake-build-release/CMakeFiles/CMakeTmp

Run Build Command(s):/usr/bin/ninja cmTC_af698 && [1/2] Building C object CMakeFiles/cmTC_af698.dir/src.c.o
[2/2] Linking C executable cmTC_af698
FAILED: cmTC_af698 
: && /usr/bin/cc -fPIC -DCMAKE_HAVE_LIBC_PTHREAD   CMakeFiles/cmTC_af698.dir/src.c.o  -o cmTC_af698   && :
CMakeFiles/cmTC_af698.dir/src.c.o: In function `main':
src.c:(.text+0x3e): undefined reference to `pthread_create'
src.c:(.text+0x4a): undefined reference to `pthread_detach'
src.c:(.text+0x56): undefined reference to `pthread_cancel'
src.c:(.text+0x67): undefined reference to `pthread_join'
src.c:(.text+0x7b): undefined reference to `pthread_atfork'
collect2: error: ld returned 1 exit status
ninja: build stopped: subcommand failed.


Source file was:
#include <pthread.h>

void* test_func(void* data)
{
  return data;
}

int main(void)
{
  pthread_t thread;
  pthread_create(&thread, NULL, test_func, NULL);
  pthread_detach(thread);
  pthread_cancel(thread);
  pthread_join(thread, NULL);
  pthread_atfork(NULL, NULL, NULL);
  pthread_exit(NULL);

  return 0;
}

Determining if the function pthread_create exists in the pthreads failed with the following output:
Change Dir: /home/denis/ORB2_SLAM_CUDA/OpenVXFastExtractor/cmake-build-release/CMakeFiles/CMakeTmp

Run Build Command(s):/usr/bin/ninja cmTC_d1d69 && [1/2] Building C object CMakeFiles/cmTC_d1d69.dir/CheckFunctionExists.c.o
[2/2] Linking C executable cmTC_d1d69
FAILED: cmTC_d1d69 
: && /usr/bin/cc -fPIC -DCHECK_FUNCTION_EXISTS=pthread_create   CMakeFiles/cmTC_d1d69.dir/CheckFunctionExists.c.o  -o cmTC_d1d69  -lpthreads && :
/usr/bin/ld: cannot find -lpthreads
collect2: error: ld returned 1 exit status
ninja: build stopped: subcommand failed.



